app/build/outputs/logs/manifest-merger-debug-report.txt
-- Merging decision tree log ---
manifest
ADDED from src\main\AndroidManifest.xml:2:1-96:12
	package
		ADDED from src\main\AndroidManifest.xml:3:5-37
		INJECTED from src\main\AndroidManifest.xml
		INJECTED from src\main\AndroidManifest.xml
	android:versionName
		INJECTED from src\main\AndroidManifest.xml
		INJECTED from src\main\AndroidManifest.xml
	xmlns:android
		ADDED from src\main\AndroidManifest.xml:2:11-69
	android:versionCode
		INJECTED from src\main\AndroidManifest.xml
		INJECTED from src\main\AndroidManifest.xml
uses-feature#android.hardware.microphone
ADDED from src\main\AndroidManifest.xml:5:5-7:36
	android:required
		ADDED from src\main\AndroidManifest.xml:7:9-33
	android:name
		ADDED from src\main\AndroidManifest.xml:6:9-51
uses-feature#android.hardware.camera
ADDED from src\main\AndroidManifest.xml:8:5-60
	android:name
		ADDED from src\main\AndroidManifest.xml:8:19-57
uses-permission#android.permission.INTERNET
ADDED from src\main\AndroidManifest.xml:10:5-67
	android:name
		ADDED from src\main\AndroidManifest.xml:10:22-64
uses-permission#android.permission.CAMERA
ADDED from src\main\AndroidManifest.xml:11:5-65
	android:name
		ADDED from src\main\AndroidManifest.xml:11:22-62
uses-permission#android.permission.MODIFY_AUDIO_SETTINGS
ADDED from src\main\AndroidManifest.xml:12:5-80
	android:name
		ADDED from src\main\AndroidManifest.xml:12:22-77
uses-permission#android.permission.ACCESS_NETWORK_STATE
ADDED from src\main\AndroidManifest.xml:13:5-79
	android:name
		ADDED from src\main\AndroidManifest.xml:13:22-76
uses-permission#android.permission.RECORD_AUDIO
ADDED from src\main\AndroidManifest.xml:14:5-71
	android:name
		ADDED from src\main\AndroidManifest.xml:14:22-68
uses-permission#android.permission.READ_PHONE_STATE
ADDED from src\main\AndroidManifest.xml:15:5-75
	android:name
		ADDED from src\main\AndroidManifest.xml:15:22-72
uses-permission#android.permission.WRITE_CALENDAR
ADDED from src\main\AndroidManifest.xml:16:5-73
	android:name
		ADDED from src\main\AndroidManifest.xml:16:22-70
application
ADDED from src\main\AndroidManifest.xml:18:5-94:19
MERGED from [com.android.support:design:24.2.1] AndroidManifest.xml:22:5-20
MERGED from [com.github.reinaldoarrosi:maskededittext:1.1.0] AndroidManifest.xml:11:5-53
MERGED from [jinsongo-mla-android-7b143deb8a78:sinch-android-rtc-3.11.1:unspecified] AndroidManifest.xml:11:5-19:19
MERGED from [com.github.pchmn:MaterialChipsInput:1.0.8] AndroidManifest.xml:11:5-15:19
MERGED from [com.android.support:appcompat-v7:25.3.0] AndroidManifest.xml:29:5-20
MERGED from [com.android.support:support-v4:25.3.0] AndroidManifest.xml:29:5-20
MERGED from [com.android.support:support-fragment:25.3.0] AndroidManifest.xml:29:5-20
MERGED from [com.android.support:support-media-compat:25.3.0] AndroidManifest.xml:29:5-20
MERGED from [com.android.support:support-core-utils:25.3.0] AndroidManifest.xml:29:5-20
MERGED from [com.android.support:animated-vector-drawable:25.3.0] AndroidManifest.xml:26:5-20
MERGED from [com.android.support:support-vector-drawable:25.3.0] AndroidManifest.xml:26:5-20
MERGED from [com.android.support:support-core-ui:25.3.0] AndroidManifest.xml:29:5-20
MERGED from [de.hdodenhof:circleimageview:2.1.0] AndroidManifest.xml:9:5-20
MERGED from [com.android.support:support-compat:25.3.0] AndroidManifest.xml:29:5-20
MERGED from [com.android.support:cardview-v7:24.0.0] AndroidManifest.xml:22:5-20
MERGED from [com.android.support.constraint:constraint-layout:1.1.3] AndroidManifest.xml:9:5-20
	android:label
		ADDED from src\main\AndroidManifest.xml:21:9-41
	android:supportsRtl
		ADDED from [com.github.pchmn:MaterialChipsInput:1.0.8] AndroidManifest.xml:14:9-35
	android:allowBackup
		ADDED from src\main\AndroidManifest.xml:19:9-35
	android:icon
		ADDED from src\main\AndroidManifest.xml:20:9-43
	android:theme
		ADDED from src\main\AndroidManifest.xml:22:9-40
service#com.paril.mlaclientapp.sinch.SinchService
ADDED from src\main\AndroidManifest.xml:23:9-55
	android:name
		ADDED from src\main\AndroidManifest.xml:23:18-52
activity#com.paril.mlaclientapp.sinch.VideoCallScreenActivity
ADDED from src\main\AndroidManifest.xml:25:9-27:52
	android:screenOrientation
		ADDED from src\main\AndroidManifest.xml:27:13-49
	android:name
		ADDED from src\main\AndroidManifest.xml:26:13-58
activity#com.paril.mlaclientapp.sinch.CallScreenActivity
ADDED from src\main\AndroidManifest.xml:28:9-30:52
	android:screenOrientation
		ADDED from src\main\AndroidManifest.xml:30:13-49
	android:name
		ADDED from src\main\AndroidManifest.xml:29:13-53
activity#com.paril.mlaclientapp.ui.activity.CallStudentActivity
ADDED from src\main\AndroidManifest.xml:31:9-33:52
	android:screenOrientation
		ADDED from src\main\AndroidManifest.xml:33:13-49
	android:name
		ADDED from src\main\AndroidManifest.xml:32:13-60
activity#com.paril.mlaclientapp.sinch.IncomingCallScreenActivity
ADDED from src\main\AndroidManifest.xml:34:9-36:52
	android:screenOrientation
		ADDED from src\main\AndroidManifest.xml:36:13-49
	android:name
		ADDED from src\main\AndroidManifest.xml:35:13-61
activity#com.paril.mlaclientapp.sinch.PlaceCallActivity
ADDED from src\main\AndroidManifest.xml:37:9-39:52
	android:screenOrientation
		ADDED from src\main\AndroidManifest.xml:39:13-49
	android:name
		ADDED from src\main\AndroidManifest.xml:38:13-52
activity#com.paril.mlaclientapp.ui.activity.MLALoginActivity
ADDED from src\main\AndroidManifest.xml:40:9-49:20
	android:screenOrientation
		ADDED from src\main\AndroidManifest.xml:43:13-49
	android:label
		ADDED from src\main\AndroidManifest.xml:42:13-45
	android:name
		ADDED from src\main\AndroidManifest.xml:41:13-57
intent-filter#android.intent.action.MAIN+android.intent.category.LAUNCHER
ADDED from src\main\AndroidManifest.xml:44:13-48:29
action#android.intent.action.MAIN
ADDED from src\main\AndroidManifest.xml:45:17-69
	android:name
		ADDED from src\main\AndroidManifest.xml:45:25-66
category#android.intent.category.LAUNCHER
ADDED from src\main\AndroidManifest.xml:47:17-77
	android:name
		ADDED from src\main\AndroidManifest.xml:47:27-74
activity#com.paril.mlaclientapp.ui.activity.MLAHomeActivity
ADDED from src\main\AndroidManifest.xml:50:9-54:77
	android:screenOrientation
		ADDED from src\main\AndroidManifest.xml:53:13-49
	android:label
		ADDED from src\main\AndroidManifest.xml:52:13-57
	android:windowSoftInputMode
		ADDED from src\main\AndroidManifest.xml:54:13-64
	android:name
		ADDED from src\main\AndroidManifest.xml:51:13-56
activity#com.paril.mlaclientapp.ui.activity.MLAViewAdminActivity
ADDED from src\main\AndroidManifest.xml:55:9-58:77
	android:screenOrientation
		ADDED from src\main\AndroidManifest.xml:57:13-49
	android:windowSoftInputMode
		ADDED from src\main\AndroidManifest.xml:58:13-64
	android:name
		ADDED from src\main\AndroidManifest.xml:56:13-61
activity#com.paril.mlaclientapp.ui.activity.MLAViewInstructorActivity
ADDED from src\main\AndroidManifest.xml:59:9-62:77
	android:screenOrientation
		ADDED from src\main\AndroidManifest.xml:61:13-49
	android:windowSoftInputMode
		ADDED from src\main\AndroidManifest.xml:62:13-64
	android:name
		ADDED from src\main\AndroidManifest.xml:60:13-66
activity#com.paril.mlaclientapp.ui.activity.MLAViewStudentActivity
ADDED from src\main\AndroidManifest.xml:63:9-66:77
	android:screenOrientation
		ADDED from src\main\AndroidManifest.xml:65:13-49
	android:windowSoftInputMode
		ADDED from src\main\AndroidManifest.xml:66:13-64
	android:name
		ADDED from src\main\AndroidManifest.xml:64:13-63
activity#com.paril.mlaclientapp.ui.activity.MLAViewSubjectActivity
ADDED from src\main\AndroidManifest.xml:67:9-70:77
	android:screenOrientation
		ADDED from src\main\AndroidManifest.xml:69:13-49
	android:windowSoftInputMode
		ADDED from src\main\AndroidManifest.xml:70:13-64
	android:name
		ADDED from src\main\AndroidManifest.xml:68:13-63
activity#com.paril.mlaclientapp.ui.activity.MLAUpdateGradeActivity
ADDED from src\main\AndroidManifest.xml:71:9-74:77
	android:screenOrientation
		ADDED from src\main\AndroidManifest.xml:73:13-49
	android:windowSoftInputMode
		ADDED from src\main\AndroidManifest.xml:74:13-64
	android:name
		ADDED from src\main\AndroidManifest.xml:72:13-63
activity#com.paril.mlaclientapp.ui.activity.MLACreatePost
ADDED from src\main\AndroidManifest.xml:75:9-78:77
	android:screenOrientation
		ADDED from src\main\AndroidManifest.xml:77:13-49
	android:windowSoftInputMode
		ADDED from src\main\AndroidManifest.xml:78:13-64
	android:name
		ADDED from src\main\AndroidManifest.xml:76:13-54
activity#com.paril.mlaclientapp.ui.activity.MLAAddPost
ADDED from src\main\AndroidManifest.xml:79:9-82:77
	android:screenOrientation
		ADDED from src\main\AndroidManifest.xml:81:13-49
	android:windowSoftInputMode
		ADDED from src\main\AndroidManifest.xml:82:13-64
	android:name
		ADDED from src\main\AndroidManifest.xml:80:13-51
service#com.paril.mlaclientapp.service.AlertTaskIntentService
ADDED from src\main\AndroidManifest.xml:84:9-86:51
	android:exported
		ADDED from src\main\AndroidManifest.xml:86:13-37
	android:name
		ADDED from src\main\AndroidManifest.xml:85:13-59
receiver#com.paril.mlaclientapp.receivers.NotificationPublisher
ADDED from src\main\AndroidManifest.xml:88:9-69
	android:name
		ADDED from src\main\AndroidManifest.xml:88:19-66
activity#com.paril.mlaclientapp.ui.activity.MLARepostActivity
ADDED from src\main\AndroidManifest.xml:90:9-93:20
	android:screenOrientation
		ADDED from src\main\AndroidManifest.xml:91:13-49
	android:windowSoftInputMode
		ADDED from src\main\AndroidManifest.xml:92:13-64
	android:name
		ADDED from src\main\AndroidManifest.xml:90:19-64
uses-sdk
INJECTED from src\main\AndroidManifest.xml reason: use-sdk injection requested
MERGED from [com.android.support:design:24.2.1] AndroidManifest.xml:20:5-43
MERGED from [com.daimajia.swipelayout:library:1.2.0] AndroidManifest.xml:6:5-8:41
MERGED from [com.github.reinaldoarrosi:maskededittext:1.1.0] AndroidManifest.xml:7:5-9:41
MERGED from [jinsongo-mla-android-7b143deb8a78:sinch-android-rtc-3.11.1:unspecified] AndroidManifest.xml:7:5-9:41
MERGED from [com.github.pchmn:MaterialChipsInput:1.0.8] AndroidManifest.xml:7:5-9:41
MERGED from [com.android.support:appcompat-v7:25.3.0] AndroidManifest.xml:21:5-23:78
MERGED from [com.android.support:support-v4:25.3.0] AndroidManifest.xml:21:5-23:54
MERGED from [com.android.support:support-fragment:25.3.0] AndroidManifest.xml:21:5-23:60
MERGED from [com.android.support:support-media-compat:25.3.0] AndroidManifest.xml:21:5-23:63
MERGED from [com.android.support:support-core-utils:25.3.0] AndroidManifest.xml:21:5-23:61
MERGED from [com.android.support:animated-vector-drawable:25.3.0] AndroidManifest.xml:20:5-44
MERGED from [com.android.support:support-vector-drawable:25.3.0] AndroidManifest.xml:20:5-43
MERGED from [com.android.support:recyclerview-v7:25.3.0] AndroidManifest.xml:20:5-43
MERGED from [com.android.support:support-core-ui:25.3.0] AndroidManifest.xml:21:5-23:58
MERGED from [com.beloo.widget:ChipsLayoutManager:0.3.7] AndroidManifest.xml:8:5-10:41
MERGED from [de.hdodenhof:circleimageview:2.1.0] AndroidManifest.xml:5:5-7:41
MERGED from [com.jakewharton:butterknife:8.5.1] AndroidManifest.xml:5:5-43
MERGED from [com.android.support:support-compat:25.3.0] AndroidManifest.xml:21:5-23:58
MERGED from [com.android.support:cardview-v7:24.0.0] AndroidManifest.xml:20:5-43
MERGED from [com.android.support.constraint:constraint-layout:1.1.3] AndroidManifest.xml:5:5-7:41
	tools:overrideLibrary
		ADDED from [com.android.support:appcompat-v7:25.3.0] AndroidManifest.xml:23:9-75
	android:targetSdkVersion
		INJECTED from src\main\AndroidManifest.xml
		INJECTED from src\main\AndroidManifest.xml
	android:minSdkVersion
		INJECTED from src\main\AndroidManifest.xml
		INJECTED from src\main\AndroidManifest.xml
service#com.sinch.android.rtc.internal.client.gcm.InstanceIDTokenService
ADDED from [jinsongo-mla-android-7b143deb8a78:sinch-android-rtc-3.11.1:unspecified] AndroidManifest.xml:12:9-18:19
	android:exported
		ADDED from [jinsongo-mla-android-7b143deb8a78:sinch-android-rtc-3.11.1:unspecified] AndroidManifest.xml:14:13-37
	android:name
		ADDED from [jinsongo-mla-android-7b143deb8a78:sinch-android-rtc-3.11.1:unspecified] AndroidManifest.xml:13:13-92
intent-filter#com.google.android.gms.iid.InstanceID
ADDED from [jinsongo-mla-android-7b143deb8a78:sinch-android-rtc-3.11.1:unspecified] AndroidManifest.xml:15:13-17:29
action#com.google.android.gms.iid.InstanceID
ADDED from [jinsongo-mla-android-7b143deb8a78:sinch-android-rtc-3.11.1:unspecified] AndroidManifest.xml:16:17-80
	android:name
		ADDED from [jinsongo-mla-android-7b143deb8a78:sinch-android-rtc-3.11.1:unspecified] AndroidManifest.xml:16:25-77
meta-data#android.support.VERSION
ADDED from [com.android.support:appcompat-v7:25.3.0] AndroidManifest.xml:25:5-27:34
MERGED from [com.android.support:support-v4:25.3.0] AndroidManifest.xml:25:5-27:34
MERGED from [com.android.support:support-fragment:25.3.0] AndroidManifest.xml:25:5-27:34
MERGED from [com.android.support:support-media-compat:25.3.0] AndroidManifest.xml:25:5-27:34
MERGED from [com.android.support:support-core-utils:25.3.0] AndroidManifest.xml:25:5-27:34
MERGED from [com.android.support:animated-vector-drawable:25.3.0] AndroidManifest.xml:22:5-24:34
MERGED from [com.android.support:support-vector-drawable:25.3.0] AndroidManifest.xml:22:5-24:34
MERGED from [com.android.support:recyclerview-v7:25.3.0] AndroidManifest.xml:22:5-24:34
MERGED from [com.android.support:support-core-ui:25.3.0] AndroidManifest.xml:25:5-27:34
MERGED from [com.android.support:support-compat:25.3.0] AndroidManifest.xml:25:5-27:34
	android:value
		ADDED from [com.android.support:appcompat-v7:25.3.0] AndroidManifest.xml:27:9-31
	android:name
		ADDED from [com.android.support:appcompat-v7:25.3.0] AndroidManifest.xml:26:9-47